#-----------------------------------------------------------
# Webtalk v2017.4 (64-bit)
# SW Build 2086221 on Fri Dec 15 20:55:39 MST 2017
# 
# Start of session at: Tue Aug 14 00:32:40 2018
# Process ID: 11744
# Current directory: C:/Users/E.Marte/Documents/Vivado_Proyects/Review_01/Review_01.sdk/webtalk
# Command line: wbtcv.exe -mode batch -source sdk_webtalk.tcl
# Log file: C:/Users/E.Marte/Documents/Vivado_Proyects/Review_01/Review_01.sdk/webtalk/webtalk.log
# Journal file: C:/Users/E.Marte/Documents/Vivado_Proyects/Review_01/Review_01.sdk/webtalk\webtalk.jou
#-----------------------------------------------------------
source sdk_webtalk.tcl
# webtalk_init -webtalk_dir C:\\Users\\E.Marte\\Documents\\Vivado_Proyects\\Review_01\\Review_01.sdk\\webtalk
# webtalk_register_client -client project
# webtalk_add_data -client project -key date_generated -value "2018-08-14 00:32:31" -context "software_version_and_target_device"
# webtalk_add_data -client project -key product_version -value "SDK v2017.4" -context "software_version_and_target_device"
# webtalk_add_data -client project -key build_version -value "2017.4" -context "software_version_and_target_device"
# webtalk_add_data -client project -key os_platform -value "amd64" -context "software_version_and_target_device"
# webtalk_add_data -client project -key registration_id -value "211451298_1777532808_0_606" -context "software_version_and_target_device"
# webtalk_add_data -client project -key tool_flow -value "SDK" -context "software_version_and_target_device"
# webtalk_add_data -client project -key beta -value "false" -context "software_version_and_target_device"
# webtalk_add_data -client project -key route_design -value "NA" -context "software_version_and_target_device"
# webtalk_add_data -client project -key target_family -value "NA" -context "software_version_and_target_device"
# webtalk_add_data -client project -key target_device -value "NA" -context "software_version_and_target_device"
# webtalk_add_data -client project -key target_package -value "NA" -context "software_version_and_target_device"
# webtalk_add_data -client project -key target_speed -value "NA" -context "software_version_and_target_device"
# webtalk_add_data -client project -key random_id -value "6dnis76khom9r6iadofhq6s5n3" -context "software_version_and_target_device"
# webtalk_add_data -client project -key project_id -value "2017.4_2" -context "software_version_and_target_device"
# webtalk_add_data -client project -key project_iteration -value "2" -context "software_version_and_target_device"
# webtalk_add_data -client project -key os_name -value "Microsoft Windows 8 or later , 64-bit" -context "user_environment"
# webtalk_add_data -client project -key os_release -value "major release  (build 9200)" -context "user_environment"
# webtalk_add_data -client project -key cpu_name -value "Intel(R) Core(TM) i5-3340M CPU @ 2.70GHz" -context "user_environment"
# webtalk_add_data -client project -key cpu_speed -value "2691 MHz" -context "user_environment"
# webtalk_add_data -client project -key total_processors -value "1" -context "user_environment"
# webtalk_add_data -client project -key system_ram -value "8.457 GB" -context "user_environment"
# webtalk_register_client -client sdk
# webtalk_add_data -client sdk -key uid -value "1534220762943" -context "sdk\\\\bsp/1534220762943"
# webtalk_add_data -client sdk -key hwid -value "1534215683143" -context "sdk\\\\bsp/1534220762943"
# webtalk_add_data -client sdk -key os -value "standalone" -context "sdk\\\\bsp/1534220762943"
# webtalk_add_data -client sdk -key apptemplate -value "hello_world" -context "sdk\\\\bsp/1534220762943"
# webtalk_add_data -client sdk -key RecordType -value "BSPCreation" -context "sdk\\\\bsp/1534220762943"
# webtalk_add_data -client sdk -key uid -value "1534220784047" -context "sdk\\\\application/1534220784047"
# webtalk_add_data -client sdk -key hwid -value "1534215683143" -context "sdk\\\\application/1534220784047"
# webtalk_add_data -client sdk -key bspid -value "1534220762943" -context "sdk\\\\application/1534220784047"
# webtalk_add_data -client sdk -key newbsp -value "true" -context "sdk\\\\application/1534220784047"
# webtalk_add_data -client sdk -key os -value "standalone" -context "sdk\\\\application/1534220784047"
# webtalk_add_data -client sdk -key apptemplate -value "hello_world" -context "sdk\\\\application/1534220784047"
# webtalk_add_data -client sdk -key RecordType -value "APPCreation" -context "sdk\\\\application/1534220784047"
# webtalk_add_data -client sdk -key LangUsed -value "C" -context "sdk\\\\application/1534220784047"
# webtalk_add_data -client sdk -key Procused -value "microblaze" -context "sdk\\\\application/1534220784047"
# webtalk_add_data -client sdk -key projSize -value "82.375" -context "sdk\\\\application/1534220784047"
# webtalk_add_data -client sdk -key uid -value "NA" -context "sdk\\\\bsp/1534221151766"
# webtalk_add_data -client sdk -key RecordType -value "ToolUsage" -context "sdk\\\\bsp/1534221151766"
# webtalk_add_data -client sdk -key BootgenCount -value "0" -context "sdk\\\\bsp/1534221151766"
# webtalk_add_data -client sdk -key DebugCount -value "4" -context "sdk\\\\bsp/1534221151766"
# webtalk_add_data -client sdk -key PerfCount -value "0" -context "sdk\\\\bsp/1534221151766"
# webtalk_add_data -client sdk -key FlashCount -value "0" -context "sdk\\\\bsp/1534221151766"
# webtalk_add_data -client sdk -key CrossTriggCount -value "0" -context "sdk\\\\bsp/1534221151766"
# webtalk_add_data -client sdk -key QemuDebugCount -value "0" -context "sdk\\\\bsp/1534221151766"
# webtalk_transmit -clientid 3226696865 -regid "211451298_1777532808_0_606" -xml C:\\Users\\E.Marte\\Documents\\Vivado_Proyects\\Review_01\\Review_01.sdk\\webtalk\\usage_statistics_ext_sdk.xml -html C:\\Users\\E.Marte\\Documents\\Vivado_Proyects\\Review_01\\Review_01.sdk\\webtalk\\usage_statistics_ext_sdk.html -wdm C:\\Users\\E.Marte\\Documents\\Vivado_Proyects\\Review_01\\Review_01.sdk\\webtalk\\sdk_webtalk.wdm -intro "<H3>SDK Usage Report</H3><BR>"
# webtalk_terminate
INFO: [Common 17-206] Exiting Webtalk at Tue Aug 14 00:32:54 2018...
