#-----------------------------------------------------------
# Vivado v2017.4 (64-bit)
# SW Build 2086221 on Fri Dec 15 20:55:39 MST 2017
# IP Build 2085800 on Fri Dec 15 22:25:07 MST 2017
# Start of session at: Thu Aug 16 15:23:35 2018
# Process ID: 15320
# Current directory: C:/Users/E.Marte/Documents/GitHub/Marte_Fpga/ArtyS7MarteReview/WrittingToLeds
# Command line: vivado.exe -gui_launcher_event rodinguilauncherevent14948 C:\Users\E.Marte\Documents\GitHub\Marte_Fpga\ArtyS7MarteReview\WrittingToLeds\Review_01.xpr
# Log file: C:/Users/E.Marte/Documents/GitHub/Marte_Fpga/ArtyS7MarteReview/WrittingToLeds/vivado.log
# Journal file: C:/Users/E.Marte/Documents/GitHub/Marte_Fpga/ArtyS7MarteReview/WrittingToLeds\vivado.jou
#-----------------------------------------------------------
start_gui
open_project C:/Users/E.Marte/Documents/GitHub/Marte_Fpga/ArtyS7MarteReview/WrittingToLeds/Review_01.xpr
INFO: [Project 1-313] Project file moved from 'C:/Users/E.Marte/Documents/Vivado_Proyects/Review_01' since last save.
WARNING: [Project 1-312] File not found as 'C:/Users/E.Marte/Documents/GitHub/Marte_Fpga/ArtyS7MarteReview/Arty-S7-50-Rev-E-Master.xdc'; using path 'C:/Users/E.Marte/Documents/Vivado_Proyects/Arty-S7-50-Rev-E-Master.xdc' instead.
Scanning sources...
Finished scanning sources
WARNING: [Project 1-312] File not found as 'C:/Users/E.Marte/Documents/GitHub/Marte_Fpga/ArtyS7MarteReview/Arty-S7-50-Rev-E-Master.xdc'; using path 'C:/Users/E.Marte/Documents/Vivado_Proyects/Arty-S7-50-Rev-E-Master.xdc' instead.
WARNING: [Project 1-312] File not found as 'C:/Users/E.Marte/Documents/GitHub/Marte_Fpga/ArtyS7MarteReview/Arty-S7-50-Rev-E-Master.xdc'; using path 'C:/Users/E.Marte/Documents/Vivado_Proyects/Arty-S7-50-Rev-E-Master.xdc' instead.
INFO: [IP_Flow 19-234] Refreshing IP repositories
INFO: [IP_Flow 19-1704] No user IP repositories specified
INFO: [IP_Flow 19-2313] Loaded Vivado IP repository 'C:/Xilinx/Vivado/2017.4/data/ip'.
INFO: [Common 17-41] Interrupt caught. Command should exit soon.
ERROR: [BD 41-69] Error sourcing TCL script: 
    while executing
"namespace eval ::xilinx.com_ip_aximm_1.0 { source -notrace {C:/Xilinx/Vivado/2017.4/data/rsb/busdef/AXIMM/busdef.tcl} }"
ERROR: [BD 41-69] Error sourcing TCL script: 
    while executing
"source -notrace {C:/Xilinx/Vivado/2017.4/data/rsb/busdef/clock_signal/busdef.tcl} "
    (in namespace eval "::xilinx.com_ip_clock_signal_1.0" script line 1)
    invoked from within
"namespace eval ::xilinx.com_ip_clock_signal_1.0 { source -notrace {C:/Xilinx/Vivado/2017.4/data/rsb/busdef/clock_signal/busdef.tcl} }"
INFO: [Common 17-344] 'open_project' was cancelled
exit
INFO: [Common 17-206] Exiting Vivado at Thu Aug 16 15:28:43 2018...
 sources_1
exit
INFO: [Common 17-206] Exiting Vivado at Thu Aug 16 15:34:53 2018...
