23:00:55 INFO  : Registering command handlers for SDK TCF services
23:00:58 INFO  : Launching XSCT server: xsct.bat -interactive C:\Users\E.Marte\Documents\Vivado_Proyects\Review_01\Review_01.sdk\temp_xsdb_launch_script.tcl
23:01:06 INFO  : XSCT server has started successfully.
23:01:07 INFO  : Successfully done setting XSCT server connection channel  
23:01:16 INFO  : Successfully done setting SDK workspace  
23:01:16 INFO  : Processing command line option -hwspec C:/Users/E.Marte/Documents/Vivado_Proyects/Review_01/Review_01.sdk/design_1_wrapper.hdf.
00:22:09 INFO  : Registering command handlers for SDK TCF services
00:22:10 INFO  : Launching XSCT server: xsct.bat -interactive C:\Users\E.Marte\Documents\Vivado_Proyects\Review_01\Review_01.sdk\temp_xsdb_launch_script.tcl
00:22:13 INFO  : XSCT server has started successfully.
00:22:13 INFO  : Successfully done setting XSCT server connection channel  
00:22:14 INFO  : Processing command line option -hwspec C:/Users/E.Marte/Documents/Vivado_Proyects/Review_01/Review_01.sdk/design_1_wrapper.hdf.
00:22:15 INFO  : Successfully done setting SDK workspace  
00:22:15 INFO  : Checking for hwspec changes in the project design_1_wrapper_hw_platform_0.
00:22:17 INFO  : SDK has detected change in the last modified timestamps for source hardware specification file Source:1534214830192,  Project:1534215575958
00:22:17 INFO  : The hardware specification for project 'design_1_wrapper_hw_platform_0' is different from C:/Users/E.Marte/Documents/Vivado_Proyects/Review_01/Review_01.sdk/design_1_wrapper.hdf.
00:22:17 INFO  : Copied contents of C:/Users/E.Marte/Documents/Vivado_Proyects/Review_01/Review_01.sdk/design_1_wrapper.hdf into \design_1_wrapper_hw_platform_0\system.hdf.
00:22:18 INFO  : Synchronizing projects in the workspace with the hardware platform specification changes.
00:22:21 INFO  : 
00:22:23 INFO  : Updating hardware inferred compiler options for TwstSimpleLED.
00:22:23 INFO  : Clearing existing target manager status.
00:22:23 WARN  : Given IPC port value is invalid. Using default port 2350
00:22:23 WARN  : Given XMD timeout value is invalid. Using default value of 50000
00:22:26 WARN  : Given XMD transaction timeout value is invalid. Using default value of 60000 milli seconds
00:23:07 INFO  : Connected to target on host '127.0.0.1' and port '3121'.
00:23:10 INFO  : 'targets -set -filter {jtag_cable_name =~ "Digilent Arty S7 - 50 210352A6C260A" && level==0} -index 0' command is executed.
00:23:11 INFO  : FPGA configured successfully with bitstream "C:/Users/E.Marte/Documents/Vivado_Proyects/Review_01/Review_01.sdk/design_1_wrapper_hw_platform_0/download.bit"
00:23:39 INFO  : 'targets -set -filter {jtag_cable_name =~ "Digilent Arty S7 - 50 210352A6C260A" && level==0} -index 0' command is executed.
00:23:39 INFO  : 'fpga -state' command is executed.
00:23:39 INFO  : Connected to target on host '127.0.0.1' and port '3121'.
00:23:40 INFO  : ----------------XSDB Script----------------
connect -url tcp:127.0.0.1:3121
----------------End of Script----------------

00:24:21 INFO  : 'targets -set -filter {jtag_cable_name =~ "Digilent Arty S7 - 50 210352A6C260A" && level==0} -index 0' command is executed.
00:24:21 INFO  : 'fpga -state' command is executed.
00:24:21 INFO  : Connected to target on host '127.0.0.1' and port '3121'.
00:24:21 INFO  : Jtag cable 'Digilent Arty S7 - 50 210352A6C260A' is selected.
00:24:21 INFO  : 'jtag frequency' command is executed.
00:24:21 INFO  : ----------------XSDB Script----------------
connect -url tcp:127.0.0.1:3121
----------------End of Script----------------

00:24:21 INFO  : Memory regions updated for context MicroBlaze #0
00:24:21 INFO  : Memory regions updated for context MicroBlaze #0
00:24:21 INFO  : Launch script is exported to file 'C:\Users\E.Marte\Documents\Vivado_Proyects\Review_01\Review_01.sdk\.sdk\launch_scripts\xilinx_c-c++_application_(system_debugger)\system_debugger_using_debug_twstsimpleled.elf_on_local.tcl'
00:28:04 INFO  : Disconnected from the channel tcfchan#1.
00:30:24 INFO  : Connected to target on host '127.0.0.1' and port '3121'.
00:32:02 INFO  : Connected to target on host '127.0.0.1' and port '3121'.
00:32:52 ERROR : Unexpected error while parsing XMD response ?: com.google.gson.JsonSyntaxException: com.google.gson.stream.MalformedJsonException: invalid number or unquoted string near 
00:33:52 INFO  : Registering command handlers for SDK TCF services
00:33:53 INFO  : Launching XSCT server: xsct.bat -interactive C:\Users\E.Marte\Documents\Vivado_Proyects\Review_01\Review_01.sdk\temp_xsdb_launch_script.tcl
00:33:56 INFO  : XSCT server has started successfully.
00:33:57 INFO  : Processing command line option -hwspec C:/Users/E.Marte/Documents/Vivado_Proyects/Review_01/Review_01.sdk/design_1_wrapper.hdf.
00:33:57 INFO  : Checking for hwspec changes in the project design_1_wrapper_hw_platform_0.
00:33:57 INFO  : Successfully done setting XSCT server connection channel  
00:33:58 INFO  : Successfully done setting SDK workspace  
00:34:19 INFO  : Connected to target on host '127.0.0.1' and port '3121'.
00:34:21 INFO  : 'targets -set -filter {jtag_cable_name =~ "Digilent Arty S7 - 50 210352A6C260A" && level==0} -index 0' command is executed.
00:34:22 INFO  : FPGA configured successfully with bitstream "C:/Users/E.Marte/Documents/Vivado_Proyects/Review_01/Review_01.sdk/design_1_wrapper_hw_platform_0/download.bit"
00:34:40 INFO  : 'targets -set -filter {jtag_cable_name =~ "Digilent Arty S7 - 50 210352A6C260A" && level==0} -index 0' command is executed.
00:34:40 INFO  : 'fpga -state' command is executed.
00:34:40 INFO  : Connected to target on host '127.0.0.1' and port '3121'.
00:34:41 INFO  : Jtag cable 'Digilent Arty S7 - 50 210352A6C260A' is selected.
00:34:41 INFO  : 'jtag frequency' command is executed.
00:34:41 INFO  : Context for processor 'microblaze_0' is selected.
00:34:41 INFO  : Processor reset is completed for 'microblaze_0'.
00:34:41 INFO  : Context for processor 'microblaze_0' is selected.
00:34:41 INFO  : The application 'C:/Users/E.Marte/Documents/Vivado_Proyects/Review_01/Review_01.sdk/TestLed01/Debug/TestLed01.elf' is downloaded to processor 'microblaze_0'.
00:34:41 INFO  : ----------------XSDB Script----------------
connect -url tcp:127.0.0.1:3121
targets -set -nocase -filter {name =~ "microblaze*#0" && bscan=="USER2"  && jtag_cable_name =~ "Digilent Arty S7 - 50 210352A6C260A"} -index 0
rst -processor
targets -set -nocase -filter {name =~ "microblaze*#0" && bscan=="USER2"  && jtag_cable_name =~ "Digilent Arty S7 - 50 210352A6C260A"} -index 0
dow C:/Users/E.Marte/Documents/Vivado_Proyects/Review_01/Review_01.sdk/TestLed01/Debug/TestLed01.elf
----------------End of Script----------------

00:34:41 INFO  : Memory regions updated for context MicroBlaze #0
00:34:41 INFO  : Memory regions updated for context MicroBlaze #0
00:34:41 INFO  : Context for processor 'microblaze_0' is selected.
00:34:41 INFO  : 'con' command is executed.
00:34:41 INFO  : ----------------XSDB Script (After Launch)----------------
targets -set -nocase -filter {name =~ "microblaze*#0" && bscan=="USER2"  && jtag_cable_name =~ "Digilent Arty S7 - 50 210352A6C260A"} -index 0
con
----------------End of Script----------------

00:34:41 INFO  : Launch script is exported to file 'C:\Users\E.Marte\Documents\Vivado_Proyects\Review_01\Review_01.sdk\.sdk\launch_scripts\xilinx_c-c++_application_(system_debugger)\system_debugger_using_debug_testled01.elf_on_local.tcl'
00:44:54 INFO  : Disconnected from the channel tcfchan#1.
00:44:56 INFO  : 'targets -set -filter {jtag_cable_name =~ "Digilent Arty S7 - 50 210352A6C260A" && level==0} -index 0' command is executed.
00:44:56 INFO  : 'fpga -state' command is executed.
00:44:56 INFO  : Connected to target on host '127.0.0.1' and port '3121'.
00:44:56 INFO  : Jtag cable 'Digilent Arty S7 - 50 210352A6C260A' is selected.
00:44:56 INFO  : 'jtag frequency' command is executed.
00:44:56 INFO  : Context for processor 'microblaze_0' is selected.
00:44:56 INFO  : Processor reset is completed for 'microblaze_0'.
00:44:56 INFO  : Context for processor 'microblaze_0' is selected.
00:44:56 INFO  : The application 'C:/Users/E.Marte/Documents/Vivado_Proyects/Review_01/Review_01.sdk/Test_LED02/Debug/Test_LED02.elf' is downloaded to processor 'microblaze_0'.
00:44:56 INFO  : ----------------XSDB Script----------------
connect -url tcp:127.0.0.1:3121
targets -set -nocase -filter {name =~ "microblaze*#0" && bscan=="USER2"  && jtag_cable_name =~ "Digilent Arty S7 - 50 210352A6C260A"} -index 0
rst -processor
targets -set -nocase -filter {name =~ "microblaze*#0" && bscan=="USER2"  && jtag_cable_name =~ "Digilent Arty S7 - 50 210352A6C260A"} -index 0
dow C:/Users/E.Marte/Documents/Vivado_Proyects/Review_01/Review_01.sdk/Test_LED02/Debug/Test_LED02.elf
----------------End of Script----------------

00:44:56 INFO  : Memory regions updated for context MicroBlaze #0
00:44:56 INFO  : Memory regions updated for context MicroBlaze #0
00:44:56 INFO  : Context for processor 'microblaze_0' is selected.
00:44:56 INFO  : 'con' command is executed.
00:44:56 INFO  : ----------------XSDB Script (After Launch)----------------
targets -set -nocase -filter {name =~ "microblaze*#0" && bscan=="USER2"  && jtag_cable_name =~ "Digilent Arty S7 - 50 210352A6C260A"} -index 0
con
----------------End of Script----------------

00:44:56 INFO  : Launch script is exported to file 'C:\Users\E.Marte\Documents\Vivado_Proyects\Review_01\Review_01.sdk\.sdk\launch_scripts\xilinx_c-c++_application_(system_debugger)\system_debugger_using_debug_test_led02.elf_on_local.tcl'
00:45:33 INFO  : Disconnected from the channel tcfchan#2.
00:45:34 INFO  : 'targets -set -filter {jtag_cable_name =~ "Digilent Arty S7 - 50 210352A6C260A" && level==0} -index 0' command is executed.
00:45:34 INFO  : 'fpga -state' command is executed.
00:45:34 INFO  : Connected to target on host '127.0.0.1' and port '3121'.
00:45:34 INFO  : Jtag cable 'Digilent Arty S7 - 50 210352A6C260A' is selected.
00:45:34 INFO  : 'jtag frequency' command is executed.
00:45:34 INFO  : Context for processor 'microblaze_0' is selected.
00:45:34 INFO  : Processor reset is completed for 'microblaze_0'.
00:45:34 INFO  : Context for processor 'microblaze_0' is selected.
00:45:35 INFO  : The application 'C:/Users/E.Marte/Documents/Vivado_Proyects/Review_01/Review_01.sdk/Test_LED02/Debug/Test_LED02.elf' is downloaded to processor 'microblaze_0'.
00:45:35 INFO  : ----------------XSDB Script----------------
connect -url tcp:127.0.0.1:3121
targets -set -nocase -filter {name =~ "microblaze*#0" && bscan=="USER2"  && jtag_cable_name =~ "Digilent Arty S7 - 50 210352A6C260A"} -index 0
rst -processor
targets -set -nocase -filter {name =~ "microblaze*#0" && bscan=="USER2"  && jtag_cable_name =~ "Digilent Arty S7 - 50 210352A6C260A"} -index 0
dow C:/Users/E.Marte/Documents/Vivado_Proyects/Review_01/Review_01.sdk/Test_LED02/Debug/Test_LED02.elf
----------------End of Script----------------

00:45:35 INFO  : Memory regions updated for context MicroBlaze #0
00:45:35 INFO  : Memory regions updated for context MicroBlaze #0
00:45:35 INFO  : Context for processor 'microblaze_0' is selected.
00:45:35 INFO  : 'con' command is executed.
00:45:35 INFO  : ----------------XSDB Script (After Launch)----------------
targets -set -nocase -filter {name =~ "microblaze*#0" && bscan=="USER2"  && jtag_cable_name =~ "Digilent Arty S7 - 50 210352A6C260A"} -index 0
con
----------------End of Script----------------

00:45:35 INFO  : Launch script is exported to file 'C:\Users\E.Marte\Documents\Vivado_Proyects\Review_01\Review_01.sdk\.sdk\launch_scripts\xilinx_c-c++_application_(system_debugger)\system_debugger_using_debug_test_led02.elf_on_local.tcl'
00:50:43 INFO  : Disconnected from the channel tcfchan#3.
00:50:44 INFO  : 'targets -set -filter {jtag_cable_name =~ "Digilent Arty S7 - 50 210352A6C260A" && level==0} -index 0' command is executed.
00:50:44 INFO  : 'fpga -state' command is executed.
00:50:44 INFO  : Connected to target on host '127.0.0.1' and port '3121'.
00:50:44 INFO  : Jtag cable 'Digilent Arty S7 - 50 210352A6C260A' is selected.
00:50:44 INFO  : 'jtag frequency' command is executed.
00:50:44 INFO  : Context for processor 'microblaze_0' is selected.
00:50:44 INFO  : Processor reset is completed for 'microblaze_0'.
00:50:44 INFO  : Context for processor 'microblaze_0' is selected.
00:50:44 INFO  : The application 'C:/Users/E.Marte/Documents/Vivado_Proyects/Review_01/Review_01.sdk/Testled03/Debug/Testled03.elf' is downloaded to processor 'microblaze_0'.
00:50:44 INFO  : ----------------XSDB Script----------------
connect -url tcp:127.0.0.1:3121
targets -set -nocase -filter {name =~ "microblaze*#0" && bscan=="USER2"  && jtag_cable_name =~ "Digilent Arty S7 - 50 210352A6C260A"} -index 0
rst -processor
targets -set -nocase -filter {name =~ "microblaze*#0" && bscan=="USER2"  && jtag_cable_name =~ "Digilent Arty S7 - 50 210352A6C260A"} -index 0
dow C:/Users/E.Marte/Documents/Vivado_Proyects/Review_01/Review_01.sdk/Testled03/Debug/Testled03.elf
----------------End of Script----------------

00:50:44 INFO  : Memory regions updated for context MicroBlaze #0
00:50:44 INFO  : Memory regions updated for context MicroBlaze #0
00:50:44 INFO  : Context for processor 'microblaze_0' is selected.
00:50:44 INFO  : 'con' command is executed.
00:50:44 INFO  : ----------------XSDB Script (After Launch)----------------
targets -set -nocase -filter {name =~ "microblaze*#0" && bscan=="USER2"  && jtag_cable_name =~ "Digilent Arty S7 - 50 210352A6C260A"} -index 0
con
----------------End of Script----------------

00:50:44 INFO  : Launch script is exported to file 'C:\Users\E.Marte\Documents\Vivado_Proyects\Review_01\Review_01.sdk\.sdk\launch_scripts\xilinx_c-c++_application_(system_debugger)\system_debugger_using_debug_testled03.elf_on_local.tcl'
00:51:27 INFO  : Disconnected from the channel tcfchan#4.
00:51:28 INFO  : 'targets -set -filter {jtag_cable_name =~ "Digilent Arty S7 - 50 210352A6C260A" && level==0} -index 0' command is executed.
00:51:28 INFO  : 'fpga -state' command is executed.
00:51:28 INFO  : Connected to target on host '127.0.0.1' and port '3121'.
00:51:28 INFO  : Jtag cable 'Digilent Arty S7 - 50 210352A6C260A' is selected.
00:51:28 INFO  : 'jtag frequency' command is executed.
00:51:28 INFO  : Context for processor 'microblaze_0' is selected.
00:51:28 INFO  : Processor reset is completed for 'microblaze_0'.
00:51:28 INFO  : Context for processor 'microblaze_0' is selected.
00:51:29 INFO  : The application 'C:/Users/E.Marte/Documents/Vivado_Proyects/Review_01/Review_01.sdk/Testled03/Debug/Testled03.elf' is downloaded to processor 'microblaze_0'.
00:51:29 INFO  : ----------------XSDB Script----------------
connect -url tcp:127.0.0.1:3121
targets -set -nocase -filter {name =~ "microblaze*#0" && bscan=="USER2"  && jtag_cable_name =~ "Digilent Arty S7 - 50 210352A6C260A"} -index 0
rst -processor
targets -set -nocase -filter {name =~ "microblaze*#0" && bscan=="USER2"  && jtag_cable_name =~ "Digilent Arty S7 - 50 210352A6C260A"} -index 0
dow C:/Users/E.Marte/Documents/Vivado_Proyects/Review_01/Review_01.sdk/Testled03/Debug/Testled03.elf
----------------End of Script----------------

00:51:29 INFO  : Memory regions updated for context MicroBlaze #0
00:51:29 INFO  : Memory regions updated for context MicroBlaze #0
00:51:29 INFO  : Context for processor 'microblaze_0' is selected.
00:51:29 INFO  : 'con' command is executed.
00:51:29 INFO  : ----------------XSDB Script (After Launch)----------------
targets -set -nocase -filter {name =~ "microblaze*#0" && bscan=="USER2"  && jtag_cable_name =~ "Digilent Arty S7 - 50 210352A6C260A"} -index 0
con
----------------End of Script----------------

00:51:29 INFO  : Launch script is exported to file 'C:\Users\E.Marte\Documents\Vivado_Proyects\Review_01\Review_01.sdk\.sdk\launch_scripts\xilinx_c-c++_application_(system_debugger)\system_debugger_using_debug_testled03.elf_on_local.tcl'
18:00:33 INFO  : Disconnected from the channel tcfchan#5.
09:00:38 INFO  : Registering command handlers for SDK TCF services
09:00:40 INFO  : Launching XSCT server: xsct.bat -interactive C:\Users\E.Marte\Documents\Vivado_Proyects\Review_01\Review_01.sdk\temp_xsdb_launch_script.tcl
09:00:50 INFO  : XSCT server has started successfully.
09:00:50 INFO  : Successfully done setting XSCT server connection channel  
09:01:04 INFO  : Successfully done setting SDK workspace  
09:01:04 INFO  : Processing command line option -hwspec C:/Users/E.Marte/Documents/Vivado_Proyects/Review_01/Review_01.sdk/design_1_wrapper.hdf.
09:01:04 INFO  : Checking for hwspec changes in the project design_1_wrapper_hw_platform_0.
09:01:15 INFO  : SDK has detected change in the last modified timestamps for source hardware specification file Source:1534394452734,  Project:1534214830192
09:01:15 INFO  : The hardware specification for project 'design_1_wrapper_hw_platform_0' is different from C:/Users/E.Marte/Documents/Vivado_Proyects/Review_01/Review_01.sdk/design_1_wrapper.hdf.
09:01:16 INFO  : Copied contents of C:/Users/E.Marte/Documents/Vivado_Proyects/Review_01/Review_01.sdk/design_1_wrapper.hdf into \design_1_wrapper_hw_platform_0\system.hdf.
09:01:16 INFO  : Synchronizing projects in the workspace with the hardware platform specification changes.
09:01:33 INFO  : 
09:01:40 INFO  : 
09:01:48 INFO  : 
09:01:50 INFO  : Updating hardware inferred compiler options for TestLed01.
09:01:51 INFO  : Updating hardware inferred compiler options for Test_LED02.
09:01:52 INFO  : Updating hardware inferred compiler options for Testled03.
09:01:52 INFO  : Clearing existing target manager status.
09:01:53 WARN  : Given IPC port value is invalid. Using default port 2350
09:01:53 WARN  : Given XMD timeout value is invalid. Using default value of 50000
09:01:59 WARN  : Given XMD transaction timeout value is invalid. Using default value of 60000 milli seconds
09:06:22 INFO  : Example project Testled03_bsp_xuartlite_polled_example_1 has been created successfully.
10:06:49 ERROR : Unexpected error while parsing XMD response ?: com.google.gson.JsonSyntaxException: com.google.gson.stream.MalformedJsonException: invalid number or unquoted string near 
11:08:35 INFO  : Registering command handlers for SDK TCF services
11:08:37 INFO  : Launching XSCT server: xsct.bat -interactive C:\Users\E.Marte\Documents\Vivado_Proyects\Review_01\Review_01.sdk\temp_xsdb_launch_script.tcl
11:08:55 INFO  : XSCT server has started successfully.
11:08:55 INFO  : Successfully done setting XSCT server connection channel  
11:09:06 INFO  : Successfully done setting SDK workspace  
11:09:06 INFO  : Processing command line option -hwspec C:/Users/E.Marte/Documents/Vivado_Proyects/Review_01/Review_01.sdk/design_1_wrapper.hdf.
11:09:06 INFO  : Checking for hwspec changes in the project design_1_wrapper_hw_platform_0.
11:12:59 INFO  : Connected to target on host '127.0.0.1' and port '3121'.
11:13:06 INFO  : 'targets -set -filter {jtag_cable_name =~ "Digilent Arty S7 - 50 210352A6C260A" && level==0} -index 0' command is executed.
11:13:08 INFO  : FPGA configured successfully with bitstream "C:/Users/E.Marte/Documents/Vivado_Proyects/Review_01/Review_01.sdk/design_1_wrapper_hw_platform_0/download.bit"
11:14:07 INFO  : 'targets -set -filter {jtag_cable_name =~ "Digilent Arty S7 - 50 210352A6C260A" && level==0} -index 0' command is executed.
11:14:07 INFO  : 'fpga -state' command is executed.
11:14:07 INFO  : Connected to target on host '127.0.0.1' and port '3121'.
11:14:20 INFO  : Jtag cable 'Digilent Arty S7 - 50 210352A6C260A' is selected.
11:14:20 INFO  : 'jtag frequency' command is executed.
11:14:20 INFO  : Context for processor 'microblaze_0' is selected.
11:14:20 INFO  : Processor reset is completed for 'microblaze_0'.
11:14:21 INFO  : Context for processor 'microblaze_0' is selected.
11:14:21 INFO  : The application 'C:/Users/E.Marte/Documents/Vivado_Proyects/Review_01/Review_01.sdk/Testled03/Debug/Testled03.elf' is downloaded to processor 'microblaze_0'.
11:14:21 INFO  : ----------------XSDB Script----------------
connect -url tcp:127.0.0.1:3121
targets -set -nocase -filter {name =~ "microblaze*#0" && bscan=="USER2"  && jtag_cable_name =~ "Digilent Arty S7 - 50 210352A6C260A"} -index 0
rst -processor
targets -set -nocase -filter {name =~ "microblaze*#0" && bscan=="USER2"  && jtag_cable_name =~ "Digilent Arty S7 - 50 210352A6C260A"} -index 0
dow C:/Users/E.Marte/Documents/Vivado_Proyects/Review_01/Review_01.sdk/Testled03/Debug/Testled03.elf
----------------End of Script----------------

11:14:21 INFO  : Memory regions updated for context MicroBlaze #0
11:14:21 INFO  : Memory regions updated for context MicroBlaze #0
11:14:21 INFO  : Context for processor 'microblaze_0' is selected.
11:14:21 INFO  : 'con' command is executed.
11:14:21 INFO  : ----------------XSDB Script (After Launch)----------------
targets -set -nocase -filter {name =~ "microblaze*#0" && bscan=="USER2"  && jtag_cable_name =~ "Digilent Arty S7 - 50 210352A6C260A"} -index 0
con
----------------End of Script----------------

11:14:21 INFO  : Launch script is exported to file 'C:\Users\E.Marte\Documents\Vivado_Proyects\Review_01\Review_01.sdk\.sdk\launch_scripts\xilinx_c-c++_application_(system_debugger)\system_debugger_using_debug_testled03.elf_on_local.tcl'
11:14:54 INFO  : Disconnected from the channel tcfchan#1.
11:14:58 INFO  : 'targets -set -filter {jtag_cable_name =~ "Digilent Arty S7 - 50 210352A6C260A" && level==0} -index 0' command is executed.
11:14:58 INFO  : 'fpga -state' command is executed.
11:14:58 INFO  : Connected to target on host '127.0.0.1' and port '3121'.
11:15:11 INFO  : Jtag cable 'Digilent Arty S7 - 50 210352A6C260A' is selected.
11:15:11 INFO  : 'jtag frequency' command is executed.
11:15:11 INFO  : Context for processor 'microblaze_0' is selected.
11:15:11 INFO  : Processor reset is completed for 'microblaze_0'.
11:15:11 INFO  : Context for processor 'microblaze_0' is selected.
11:15:11 INFO  : The application 'C:/Users/E.Marte/Documents/Vivado_Proyects/Review_01/Review_01.sdk/Testled03/Debug/Testled03.elf' is downloaded to processor 'microblaze_0'.
11:15:11 INFO  : ----------------XSDB Script----------------
connect -url tcp:127.0.0.1:3121
targets -set -nocase -filter {name =~ "microblaze*#0" && bscan=="USER2"  && jtag_cable_name =~ "Digilent Arty S7 - 50 210352A6C260A"} -index 0
rst -processor
targets -set -nocase -filter {name =~ "microblaze*#0" && bscan=="USER2"  && jtag_cable_name =~ "Digilent Arty S7 - 50 210352A6C260A"} -index 0
dow C:/Users/E.Marte/Documents/Vivado_Proyects/Review_01/Review_01.sdk/Testled03/Debug/Testled03.elf
----------------End of Script----------------

11:15:11 INFO  : Memory regions updated for context MicroBlaze #0
11:15:11 INFO  : Memory regions updated for context MicroBlaze #0
11:15:12 INFO  : Context for processor 'microblaze_0' is selected.
11:15:12 INFO  : 'con' command is executed.
11:15:12 INFO  : ----------------XSDB Script (After Launch)----------------
targets -set -nocase -filter {name =~ "microblaze*#0" && bscan=="USER2"  && jtag_cable_name =~ "Digilent Arty S7 - 50 210352A6C260A"} -index 0
con
----------------End of Script----------------

11:15:12 INFO  : Launch script is exported to file 'C:\Users\E.Marte\Documents\Vivado_Proyects\Review_01\Review_01.sdk\.sdk\launch_scripts\xilinx_c-c++_application_(system_debugger)\system_debugger_using_debug_testled03.elf_on_local.tcl'
11:35:07 INFO  : Disconnected from the channel tcfchan#2.
11:42:02 INFO  : Registering command handlers for SDK TCF services
11:42:04 INFO  : Launching XSCT server: xsct.bat -interactive C:\Users\E.Marte\Documents\Vivado_Proyects\Review_01\Review_01.sdk\temp_xsdb_launch_script.tcl
11:42:18 INFO  : XSCT server has started successfully.
11:43:00 INFO  : Successfully done setting XSCT server connection channel  
11:43:00 INFO  : Successfully done setting SDK workspace  
11:43:00 INFO  : Processing command line option -hwspec C:/Users/E.Marte/Documents/Vivado_Proyects/Review_01/Review_01.sdk/design_1_wrapper.hdf.
11:43:00 INFO  : Checking for hwspec changes in the project design_1_wrapper_hw_platform_0.
14:17:54 INFO  : Registering command handlers for SDK TCF services
14:17:57 INFO  : Launching XSCT server: xsct.bat -interactive C:\Users\E.Marte\Documents\Vivado_Proyects\Review_01\Review_01.sdk\temp_xsdb_launch_script.tcl
14:18:07 INFO  : XSCT server has started successfully.
14:18:07 INFO  : Successfully done setting XSCT server connection channel  
14:18:10 INFO  : Processing command line option -hwspec C:/Users/E.Marte/Documents/Vivado_Proyects/Review_01/Review_01.sdk/design_1_wrapper.hdf.
14:18:11 INFO  : Successfully done setting SDK workspace  
14:18:11 INFO  : Checking for hwspec changes in the project design_1_wrapper_hw_platform_0.
14:25:36 INFO  : Connected to target on host '127.0.0.1' and port '3121'.
14:25:41 INFO  : 'targets -set -filter {jtag_cable_name =~ "Digilent Arty S7 - 50 210352A6C260A" && level==0} -index 0' command is executed.
14:25:43 INFO  : FPGA configured successfully with bitstream "C:/Users/E.Marte/Documents/Vivado_Proyects/Review_01/Review_01.sdk/design_1_wrapper_hw_platform_0/download.bit"
14:36:00 INFO  : Connected to target on host '127.0.0.1' and port '3121'.
14:36:04 INFO  : 'targets -set -filter {jtag_cable_name =~ "Digilent Arty S7 - 50 210352A6C260A" && level==0} -index 0' command is executed.
14:36:05 INFO  : FPGA configured successfully with bitstream "C:/Users/E.Marte/Documents/Vivado_Proyects/Review_01/Review_01.sdk/design_1_wrapper_hw_platform_0/download.bit"
14:45:31 INFO  : 'targets -set -filter {jtag_cable_name =~ "Digilent Arty S7 - 50 210352A6C260A" && level==0} -index 0' command is executed.
14:45:31 INFO  : 'fpga -state' command is executed.
14:45:31 INFO  : Connected to target on host '127.0.0.1' and port '3121'.
14:45:46 INFO  : Jtag cable 'Digilent Arty S7 - 50 210352A6C260A' is selected.
14:45:46 INFO  : 'jtag frequency' command is executed.
14:45:46 INFO  : Context for processor 'microblaze_0' is selected.
14:45:46 INFO  : Processor reset is completed for 'microblaze_0'.
14:45:46 INFO  : Context for processor 'microblaze_0' is selected.
14:45:47 INFO  : The application 'C:/Users/E.Marte/Documents/Vivado_Proyects/Review_01/Review_01.sdk/Test_LED02/Debug/Test_LED02.elf' is downloaded to processor 'microblaze_0'.
14:45:47 INFO  : ----------------XSDB Script----------------
connect -url tcp:127.0.0.1:3121
targets -set -nocase -filter {name =~ "microblaze*#0" && bscan=="USER2"  && jtag_cable_name =~ "Digilent Arty S7 - 50 210352A6C260A"} -index 0
rst -processor
targets -set -nocase -filter {name =~ "microblaze*#0" && bscan=="USER2"  && jtag_cable_name =~ "Digilent Arty S7 - 50 210352A6C260A"} -index 0
dow C:/Users/E.Marte/Documents/Vivado_Proyects/Review_01/Review_01.sdk/Test_LED02/Debug/Test_LED02.elf
----------------End of Script----------------

14:45:47 INFO  : Memory regions updated for context MicroBlaze #0
14:45:47 INFO  : Memory regions updated for context MicroBlaze #0
14:45:47 INFO  : Context for processor 'microblaze_0' is selected.
14:45:47 INFO  : 'con' command is executed.
14:45:47 INFO  : ----------------XSDB Script (After Launch)----------------
targets -set -nocase -filter {name =~ "microblaze*#0" && bscan=="USER2"  && jtag_cable_name =~ "Digilent Arty S7 - 50 210352A6C260A"} -index 0
con
----------------End of Script----------------

14:45:47 INFO  : Launch script is exported to file 'C:\Users\E.Marte\Documents\Vivado_Proyects\Review_01\Review_01.sdk\.sdk\launch_scripts\xilinx_c-c++_application_(system_debugger)\system_debugger_using_debug_test_led02.elf_on_local.tcl'
14:46:04 INFO  : Disconnected from the channel tcfchan#1.
14:46:08 INFO  : 'targets -set -filter {jtag_cable_name =~ "Digilent Arty S7 - 50 210352A6C260A" && level==0} -index 0' command is executed.
14:46:08 INFO  : 'fpga -state' command is executed.
14:46:08 INFO  : Connected to target on host '127.0.0.1' and port '3121'.
14:46:22 INFO  : Jtag cable 'Digilent Arty S7 - 50 210352A6C260A' is selected.
14:46:22 INFO  : 'jtag frequency' command is executed.
14:46:23 INFO  : Context for processor 'microblaze_0' is selected.
14:46:23 INFO  : Processor reset is completed for 'microblaze_0'.
14:46:23 INFO  : Context for processor 'microblaze_0' is selected.
14:46:23 INFO  : The application 'C:/Users/E.Marte/Documents/Vivado_Proyects/Review_01/Review_01.sdk/Testled03/Debug/Testled03.elf' is downloaded to processor 'microblaze_0'.
14:46:23 INFO  : ----------------XSDB Script----------------
connect -url tcp:127.0.0.1:3121
targets -set -nocase -filter {name =~ "microblaze*#0" && bscan=="USER2"  && jtag_cable_name =~ "Digilent Arty S7 - 50 210352A6C260A"} -index 0
rst -processor
targets -set -nocase -filter {name =~ "microblaze*#0" && bscan=="USER2"  && jtag_cable_name =~ "Digilent Arty S7 - 50 210352A6C260A"} -index 0
dow C:/Users/E.Marte/Documents/Vivado_Proyects/Review_01/Review_01.sdk/Testled03/Debug/Testled03.elf
----------------End of Script----------------

14:46:24 INFO  : Memory regions updated for context MicroBlaze #0
14:46:24 INFO  : Memory regions updated for context MicroBlaze #0
14:46:24 INFO  : Context for processor 'microblaze_0' is selected.
14:46:24 INFO  : 'con' command is executed.
14:46:24 INFO  : ----------------XSDB Script (After Launch)----------------
targets -set -nocase -filter {name =~ "microblaze*#0" && bscan=="USER2"  && jtag_cable_name =~ "Digilent Arty S7 - 50 210352A6C260A"} -index 0
con
----------------End of Script----------------

14:46:24 INFO  : Launch script is exported to file 'C:\Users\E.Marte\Documents\Vivado_Proyects\Review_01\Review_01.sdk\.sdk\launch_scripts\xilinx_c-c++_application_(system_debugger)\system_debugger_using_debug_testled03.elf_on_local.tcl'
14:46:58 INFO  : Disconnected from the channel tcfchan#2.
15:11:06 INFO  : Registering command handlers for SDK TCF services
15:11:11 INFO  : Launching XSCT server: xsct.bat -interactive C:\Users\E.Marte\Documents\GitHub\Marte_Fpga\ArtyS7MarteReview\ReadingButtons\Review_01.sdk\temp_xsdb_launch_script.tcl
15:11:22 INFO  : XSCT server has started successfully.
15:11:24 INFO  : Processing command line option -hwspec C:/Users/E.Marte/Documents/GitHub/Marte_Fpga/ArtyS7MarteReview/ReadingButtons/Review_01.sdk/design_1_wrapper.hdf.
15:11:24 INFO  : Successfully done setting XSCT server connection channel  
15:11:31 INFO  : Successfully done setting SDK workspace  
15:17:21 INFO  : Connected to target on host '127.0.0.1' and port '3121'.
15:17:28 INFO  : 'targets -set -filter {jtag_cable_name =~ "Digilent Arty S7 - 50 210352A6C260A" && level==0} -index 0' command is executed.
15:17:31 INFO  : FPGA configured successfully with bitstream "C:/Users/E.Marte/Documents/GitHub/Marte_Fpga/ArtyS7MarteReview/ReadingButtons/Review_01.sdk/design_1_wrapper_hw_platform_0/download.bit"
15:19:29 INFO  : 'targets -set -filter {jtag_cable_name =~ "Digilent Arty S7 - 50 210352A6C260A" && level==0} -index 0' command is executed.
15:19:30 INFO  : 'fpga -state' command is executed.
15:19:30 INFO  : Connected to target on host '127.0.0.1' and port '3121'.
15:19:47 INFO  : Jtag cable 'Digilent Arty S7 - 50 210352A6C260A' is selected.
15:19:47 INFO  : 'jtag frequency' command is executed.
15:19:48 INFO  : Context for processor 'microblaze_0' is selected.
15:19:48 INFO  : Processor reset is completed for 'microblaze_0'.
15:19:48 INFO  : Context for processor 'microblaze_0' is selected.
15:19:49 INFO  : The application 'C:/Users/E.Marte/Documents/GitHub/Marte_Fpga/ArtyS7MarteReview/ReadingButtons/Review_01.sdk/Testled03/Debug/Testled03.elf' is downloaded to processor 'microblaze_0'.
15:19:49 INFO  : ----------------XSDB Script----------------
connect -url tcp:127.0.0.1:3121
targets -set -nocase -filter {name =~ "microblaze*#0" && bscan=="USER2"  && jtag_cable_name =~ "Digilent Arty S7 - 50 210352A6C260A"} -index 0
rst -processor
targets -set -nocase -filter {name =~ "microblaze*#0" && bscan=="USER2"  && jtag_cable_name =~ "Digilent Arty S7 - 50 210352A6C260A"} -index 0
dow C:/Users/E.Marte/Documents/GitHub/Marte_Fpga/ArtyS7MarteReview/ReadingButtons/Review_01.sdk/Testled03/Debug/Testled03.elf
----------------End of Script----------------

15:19:49 INFO  : Memory regions updated for context MicroBlaze #0
15:19:49 INFO  : Memory regions updated for context MicroBlaze #0
15:19:50 INFO  : Context for processor 'microblaze_0' is selected.
15:19:50 INFO  : 'con' command is executed.
15:19:50 INFO  : ----------------XSDB Script (After Launch)----------------
targets -set -nocase -filter {name =~ "microblaze*#0" && bscan=="USER2"  && jtag_cable_name =~ "Digilent Arty S7 - 50 210352A6C260A"} -index 0
con
----------------End of Script----------------

15:19:50 INFO  : Launch script is exported to file 'C:\Users\E.Marte\Documents\GitHub\Marte_Fpga\ArtyS7MarteReview\ReadingButtons\Review_01.sdk\.sdk\launch_scripts\xilinx_c-c++_application_(system_debugger)\system_debugger_using_debug_testled03.elf_on_local.tcl'
15:20:31 INFO  : Disconnected from the channel tcfchan#1.
15:20:37 INFO  : 'targets -set -filter {jtag_cable_name =~ "Digilent Arty S7 - 50 210352A6C260A" && level==0} -index 0' command is executed.
15:20:37 INFO  : 'fpga -state' command is executed.
15:20:37 INFO  : Connected to target on host '127.0.0.1' and port '3121'.
15:20:54 INFO  : Jtag cable 'Digilent Arty S7 - 50 210352A6C260A' is selected.
15:20:54 INFO  : 'jtag frequency' command is executed.
15:20:54 INFO  : Context for processor 'microblaze_0' is selected.
15:20:54 INFO  : Processor reset is completed for 'microblaze_0'.
15:20:55 INFO  : Context for processor 'microblaze_0' is selected.
15:20:55 INFO  : The application 'C:/Users/E.Marte/Documents/GitHub/Marte_Fpga/ArtyS7MarteReview/ReadingButtons/Review_01.sdk/Testled03/Debug/Testled03.elf' is downloaded to processor 'microblaze_0'.
15:20:55 INFO  : ----------------XSDB Script----------------
connect -url tcp:127.0.0.1:3121
targets -set -nocase -filter {name =~ "microblaze*#0" && bscan=="USER2"  && jtag_cable_name =~ "Digilent Arty S7 - 50 210352A6C260A"} -index 0
rst -processor
targets -set -nocase -filter {name =~ "microblaze*#0" && bscan=="USER2"  && jtag_cable_name =~ "Digilent Arty S7 - 50 210352A6C260A"} -index 0
dow C:/Users/E.Marte/Documents/GitHub/Marte_Fpga/ArtyS7MarteReview/ReadingButtons/Review_01.sdk/Testled03/Debug/Testled03.elf
----------------End of Script----------------

15:20:56 INFO  : Memory regions updated for context MicroBlaze #0
15:20:56 INFO  : Memory regions updated for context MicroBlaze #0
15:20:57 INFO  : Context for processor 'microblaze_0' is selected.
15:20:57 INFO  : 'con' command is executed.
15:20:57 INFO  : ----------------XSDB Script (After Launch)----------------
targets -set -nocase -filter {name =~ "microblaze*#0" && bscan=="USER2"  && jtag_cable_name =~ "Digilent Arty S7 - 50 210352A6C260A"} -index 0
con
----------------End of Script----------------

15:20:57 INFO  : Launch script is exported to file 'C:\Users\E.Marte\Documents\GitHub\Marte_Fpga\ArtyS7MarteReview\ReadingButtons\Review_01.sdk\.sdk\launch_scripts\xilinx_c-c++_application_(system_debugger)\system_debugger_using_debug_testled03.elf_on_local.tcl'
15:21:06 INFO  : Disconnected from the channel tcfchan#2.
