#-----------------------------------------------------------
# Webtalk v2017.4 (64-bit)
# SW Build 2086221 on Fri Dec 15 20:55:39 MST 2017
# 
# Start of session at: Wed Aug 15 09:58:07 2018
# Process ID: 7636
# Current directory: C:/Users/ARIA5WK/Documents/ARTY_Proy/Clean_latest/FromWebSystem/FromWebSystem.sdk/webtalk
# Command line: wbtcv.exe -mode batch -source sdk_webtalk.tcl
# Log file: C:/Users/ARIA5WK/Documents/ARTY_Proy/Clean_latest/FromWebSystem/FromWebSystem.sdk/webtalk/webtalk.log
# Journal file: C:/Users/ARIA5WK/Documents/ARTY_Proy/Clean_latest/FromWebSystem/FromWebSystem.sdk/webtalk\webtalk.jou
#-----------------------------------------------------------
source sdk_webtalk.tcl
# webtalk_init -webtalk_dir C:\\Users\\ARIA5WK\\Documents\\ARTY_Proy\\Clean_latest\\FromWebSystem\\FromWebSystem.sdk\\webtalk
# webtalk_register_client -client project
# webtalk_add_data -client project -key date_generated -value "2018-08-15 09:57:26" -context "software_version_and_target_device"
# webtalk_add_data -client project -key product_version -value "SDK v2017.4" -context "software_version_and_target_device"
# webtalk_add_data -client project -key build_version -value "2017.4" -context "software_version_and_target_device"
# webtalk_add_data -client project -key os_platform -value "amd64" -context "software_version_and_target_device"
# webtalk_add_data -client project -key registration_id -value "211451298_0_0_562" -context "software_version_and_target_device"
# webtalk_add_data -client project -key tool_flow -value "SDK" -context "software_version_and_target_device"
# webtalk_add_data -client project -key beta -value "false" -context "software_version_and_target_device"
# webtalk_add_data -client project -key route_design -value "NA" -context "software_version_and_target_device"
# webtalk_add_data -client project -key target_family -value "NA" -context "software_version_and_target_device"
# webtalk_add_data -client project -key target_device -value "NA" -context "software_version_and_target_device"
# webtalk_add_data -client project -key target_package -value "NA" -context "software_version_and_target_device"
# webtalk_add_data -client project -key target_speed -value "NA" -context "software_version_and_target_device"
# webtalk_add_data -client project -key random_id -value "70u722pl9d2uq8on2pqv4l0e3c" -context "software_version_and_target_device"
# webtalk_add_data -client project -key project_id -value "2017.4_22" -context "software_version_and_target_device"
# webtalk_add_data -client project -key project_iteration -value "22" -context "software_version_and_target_device"
# webtalk_add_data -client project -key os_name -value "Microsoft Windows 7 , 64-bit" -context "user_environment"
# webtalk_add_data -client project -key os_release -value "Service Pack 1  (build 7601)" -context "user_environment"
# webtalk_add_data -client project -key cpu_name -value "Intel(R) Core(TM)2 Duo CPU     E8400  @ 3.00GHz" -context "user_environment"
# webtalk_add_data -client project -key cpu_speed -value "2992 MHz" -context "user_environment"
# webtalk_add_data -client project -key total_processors -value "1" -context "user_environment"
# webtalk_add_data -client project -key system_ram -value "8.453 GB" -context "user_environment"
# webtalk_register_client -client sdk
# webtalk_add_data -client sdk -key uid -value "1533915139338" -context "sdk\\\\bsp/1533915139338"
# webtalk_add_data -client sdk -key hwid -value "1533055992129" -context "sdk\\\\bsp/1533915139338"
# webtalk_add_data -client sdk -key os -value "standalone" -context "sdk\\\\bsp/1533915139338"
# webtalk_add_data -client sdk -key apptemplate -value "empty_application" -context "sdk\\\\bsp/1533915139338"
# webtalk_add_data -client sdk -key RecordType -value "BSPCreation" -context "sdk\\\\bsp/1533915139338"
# webtalk_add_data -client sdk -key uid -value "1533915143903" -context "sdk\\\\application/1533915143903"
# webtalk_add_data -client sdk -key hwid -value "1533055992129" -context "sdk\\\\application/1533915143903"
# webtalk_add_data -client sdk -key bspid -value "1533915139338" -context "sdk\\\\application/1533915143903"
# webtalk_add_data -client sdk -key newbsp -value "true" -context "sdk\\\\application/1533915143903"
# webtalk_add_data -client sdk -key os -value "standalone" -context "sdk\\\\application/1533915143903"
# webtalk_add_data -client sdk -key apptemplate -value "empty_application" -context "sdk\\\\application/1533915143903"
# webtalk_add_data -client sdk -key RecordType -value "APPCreation" -context "sdk\\\\application/1533915143903"
# webtalk_add_data -client sdk -key LangUsed -value "C" -context "sdk\\\\application/1533915143903"
# webtalk_add_data -client sdk -key Procused -value "microblaze" -context "sdk\\\\application/1533915143903"
# webtalk_add_data -client sdk -key uid -value "1533915282235" -context "sdk\\\\bsp/1533915282235"
# webtalk_add_data -client sdk -key hwid -value "1533055992129" -context "sdk\\\\bsp/1533915282235"
# webtalk_add_data -client sdk -key os -value "standalone" -context "sdk\\\\bsp/1533915282235"
# webtalk_add_data -client sdk -key apptemplate -value "hello_world" -context "sdk\\\\bsp/1533915282235"
# webtalk_add_data -client sdk -key RecordType -value "BSPCreation" -context "sdk\\\\bsp/1533915282235"
# webtalk_add_data -client sdk -key uid -value "1533915284087" -context "sdk\\\\application/1533915284087"
# webtalk_add_data -client sdk -key hwid -value "1533055992129" -context "sdk\\\\application/1533915284087"
# webtalk_add_data -client sdk -key bspid -value "1533915282235" -context "sdk\\\\application/1533915284087"
# webtalk_add_data -client sdk -key newbsp -value "true" -context "sdk\\\\application/1533915284087"
# webtalk_add_data -client sdk -key os -value "standalone" -context "sdk\\\\application/1533915284087"
# webtalk_add_data -client sdk -key apptemplate -value "hello_world" -context "sdk\\\\application/1533915284087"
# webtalk_add_data -client sdk -key RecordType -value "APPCreation" -context "sdk\\\\application/1533915284087"
# webtalk_add_data -client sdk -key LangUsed -value "C" -context "sdk\\\\application/1533915284087"
# webtalk_add_data -client sdk -key Procused -value "microblaze" -context "sdk\\\\application/1533915284087"
# webtalk_add_data -client sdk -key projSize -value "82.8671875" -context "sdk\\\\application/1533915284087"
# webtalk_add_data -client sdk -key uid -value "1533920707131" -context "sdk\\\\bsp/1533920707131"
# webtalk_add_data -client sdk -key hwid -value "1533055992129" -context "sdk\\\\bsp/1533920707131"
# webtalk_add_data -client sdk -key os -value "standalone" -context "sdk\\\\bsp/1533920707131"
# webtalk_add_data -client sdk -key apptemplate -value "hello_world" -context "sdk\\\\bsp/1533920707131"
# webtalk_add_data -client sdk -key RecordType -value "BSPCreation" -context "sdk\\\\bsp/1533920707131"
# webtalk_add_data -client sdk -key uid -value "1533920708565" -context "sdk\\\\application/1533920708565"
# webtalk_add_data -client sdk -key hwid -value "1533055992129" -context "sdk\\\\application/1533920708565"
# webtalk_add_data -client sdk -key bspid -value "1533920707131" -context "sdk\\\\application/1533920708565"
# webtalk_add_data -client sdk -key newbsp -value "true" -context "sdk\\\\application/1533920708565"
# webtalk_add_data -client sdk -key os -value "standalone" -context "sdk\\\\application/1533920708565"
# webtalk_add_data -client sdk -key apptemplate -value "hello_world" -context "sdk\\\\application/1533920708565"
# webtalk_add_data -client sdk -key RecordType -value "APPCreation" -context "sdk\\\\application/1533920708565"
# webtalk_add_data -client sdk -key LangUsed -value "C" -context "sdk\\\\application/1533920708565"
# webtalk_add_data -client sdk -key Procused -value "microblaze" -context "sdk\\\\application/1533920708565"
# webtalk_add_data -client sdk -key projSize -value "82.87109375" -context "sdk\\\\application/1533920708565"
# webtalk_add_data -client sdk -key uid -value "1534257610550" -context "sdk\\\\bsp/1534257610550"
# webtalk_add_data -client sdk -key hwid -value "1533055992129" -context "sdk\\\\bsp/1534257610550"
# webtalk_add_data -client sdk -key os -value "standalone" -context "sdk\\\\bsp/1534257610550"
# webtalk_add_data -client sdk -key apptemplate -value "hello_world" -context "sdk\\\\bsp/1534257610550"
# webtalk_add_data -client sdk -key RecordType -value "BSPCreation" -context "sdk\\\\bsp/1534257610550"
# webtalk_add_data -client sdk -key uid -value "1534257646628" -context "sdk\\\\application/1534257646628"
# webtalk_add_data -client sdk -key hwid -value "1533055992129" -context "sdk\\\\application/1534257646628"
# webtalk_add_data -client sdk -key bspid -value "1534257610550" -context "sdk\\\\application/1534257646628"
# webtalk_add_data -client sdk -key newbsp -value "true" -context "sdk\\\\application/1534257646628"
# webtalk_add_data -client sdk -key os -value "standalone" -context "sdk\\\\application/1534257646628"
# webtalk_add_data -client sdk -key apptemplate -value "hello_world" -context "sdk\\\\application/1534257646628"
# webtalk_add_data -client sdk -key RecordType -value "APPCreation" -context "sdk\\\\application/1534257646628"
# webtalk_add_data -client sdk -key LangUsed -value "C" -context "sdk\\\\application/1534257646628"
# webtalk_add_data -client sdk -key Procused -value "microblaze" -context "sdk\\\\application/1534257646628"
# webtalk_add_data -client sdk -key projSize -value "89.88671875" -context "sdk\\\\application/1534257646628"
# webtalk_add_data -client sdk -key uid -value "1534261102637" -context "sdk\\\\bsp/1534261102637"
# webtalk_add_data -client sdk -key hwid -value "1533055992129" -context "sdk\\\\bsp/1534261102637"
# webtalk_add_data -client sdk -key os -value "standalone" -context "sdk\\\\bsp/1534261102637"
# webtalk_add_data -client sdk -key apptemplate -value "hello_world" -context "sdk\\\\bsp/1534261102637"
# webtalk_add_data -client sdk -key RecordType -value "BSPCreation" -context "sdk\\\\bsp/1534261102637"
# webtalk_add_data -client sdk -key uid -value "1534261106893" -context "sdk\\\\application/1534261106893"
# webtalk_add_data -client sdk -key hwid -value "1533055992129" -context "sdk\\\\application/1534261106893"
# webtalk_add_data -client sdk -key bspid -value "1534261102637" -context "sdk\\\\application/1534261106893"
# webtalk_add_data -client sdk -key newbsp -value "true" -context "sdk\\\\application/1534261106893"
# webtalk_add_data -client sdk -key os -value "standalone" -context "sdk\\\\application/1534261106893"
# webtalk_add_data -client sdk -key apptemplate -value "hello_world" -context "sdk\\\\application/1534261106893"
# webtalk_add_data -client sdk -key RecordType -value "APPCreation" -context "sdk\\\\application/1534261106893"
# webtalk_add_data -client sdk -key LangUsed -value "C" -context "sdk\\\\application/1534261106893"
# webtalk_add_data -client sdk -key Procused -value "microblaze" -context "sdk\\\\application/1534261106893"
# webtalk_add_data -client sdk -key projSize -value "100.8671875" -context "sdk\\\\application/1534261106893"
# webtalk_add_data -client sdk -key uid -value "1534277570061" -context "sdk\\\\bsp/1534277570061"
# webtalk_add_data -client sdk -key hwid -value "1533055992129" -context "sdk\\\\bsp/1534277570061"
# webtalk_add_data -client sdk -key os -value "standalone" -context "sdk\\\\bsp/1534277570061"
# webtalk_add_data -client sdk -key apptemplate -value "hello_world" -context "sdk\\\\bsp/1534277570061"
# webtalk_add_data -client sdk -key RecordType -value "BSPCreation" -context "sdk\\\\bsp/1534277570061"
# webtalk_add_data -client sdk -key uid -value "1534277626445" -context "sdk\\\\application/1534277626445"
# webtalk_add_data -client sdk -key hwid -value "1533055992129" -context "sdk\\\\application/1534277626445"
# webtalk_add_data -client sdk -key bspid -value "1534277570061" -context "sdk\\\\application/1534277626445"
# webtalk_add_data -client sdk -key newbsp -value "true" -context "sdk\\\\application/1534277626445"
# webtalk_add_data -client sdk -key os -value "standalone" -context "sdk\\\\application/1534277626445"
# webtalk_add_data -client sdk -key apptemplate -value "hello_world" -context "sdk\\\\application/1534277626445"
# webtalk_add_data -client sdk -key RecordType -value "APPCreation" -context "sdk\\\\application/1534277626445"
# webtalk_add_data -client sdk -key LangUsed -value "C" -context "sdk\\\\application/1534277626445"
# webtalk_add_data -client sdk -key Procused -value "microblaze" -context "sdk\\\\application/1534277626445"
# webtalk_add_data -client sdk -key projSize -value "101.13671875" -context "sdk\\\\application/1534277626445"
# webtalk_add_data -client sdk -key uid -value "1534281496489" -context "sdk\\\\bsp/1534281496489"
# webtalk_add_data -client sdk -key hwid -value "1533055992129" -context "sdk\\\\bsp/1534281496489"
# webtalk_add_data -client sdk -key os -value "standalone" -context "sdk\\\\bsp/1534281496489"
# webtalk_add_data -client sdk -key apptemplate -value "hello_world" -context "sdk\\\\bsp/1534281496489"
# webtalk_add_data -client sdk -key RecordType -value "BSPCreation" -context "sdk\\\\bsp/1534281496489"
# webtalk_add_data -client sdk -key uid -value "1534281513779" -context "sdk\\\\application/1534281513779"
# webtalk_add_data -client sdk -key hwid -value "1533055992129" -context "sdk\\\\application/1534281513779"
# webtalk_add_data -client sdk -key bspid -value "1534281496489" -context "sdk\\\\application/1534281513779"
# webtalk_add_data -client sdk -key newbsp -value "true" -context "sdk\\\\application/1534281513779"
# webtalk_add_data -client sdk -key os -value "standalone" -context "sdk\\\\application/1534281513779"
# webtalk_add_data -client sdk -key apptemplate -value "hello_world" -context "sdk\\\\application/1534281513779"
# webtalk_add_data -client sdk -key RecordType -value "APPCreation" -context "sdk\\\\application/1534281513779"
# webtalk_add_data -client sdk -key LangUsed -value "C" -context "sdk\\\\application/1534281513779"
# webtalk_add_data -client sdk -key Procused -value "microblaze" -context "sdk\\\\application/1534281513779"
# webtalk_add_data -client sdk -key projSize -value "102.87109375" -context "sdk\\\\application/1534281513779"
# webtalk_add_data -client sdk -key uid -value "NA" -context "sdk\\\\bsp/1534341444539"
# webtalk_add_data -client sdk -key RecordType -value "ToolUsage" -context "sdk\\\\bsp/1534341444539"
# webtalk_add_data -client sdk -key BootgenCount -value "0" -context "sdk\\\\bsp/1534341444539"
# webtalk_add_data -client sdk -key DebugCount -value "63" -context "sdk\\\\bsp/1534341444539"
# webtalk_add_data -client sdk -key PerfCount -value "0" -context "sdk\\\\bsp/1534341444539"
# webtalk_add_data -client sdk -key FlashCount -value "0" -context "sdk\\\\bsp/1534341444539"
# webtalk_add_data -client sdk -key CrossTriggCount -value "0" -context "sdk\\\\bsp/1534341444539"
# webtalk_add_data -client sdk -key QemuDebugCount -value "0" -context "sdk\\\\bsp/1534341444539"
# webtalk_transmit -clientid 30435986 -regid "211451298_0_0_562" -xml C:\\Users\\ARIA5WK\\Documents\\ARTY_Proy\\Clean_latest\\FromWebSystem\\FromWebSystem.sdk\\webtalk\\usage_statistics_ext_sdk.xml -html C:\\Users\\ARIA5WK\\Documents\\ARTY_Proy\\Clean_latest\\FromWebSystem\\FromWebSystem.sdk\\webtalk\\usage_statistics_ext_sdk.html -wdm C:\\Users\\ARIA5WK\\Documents\\ARTY_Proy\\Clean_latest\\FromWebSystem\\FromWebSystem.sdk\\webtalk\\sdk_webtalk.wdm -intro "<H3>SDK Usage Report</H3><BR>"
# webtalk_terminate
INFO: [Common 17-206] Exiting Webtalk at Wed Aug 15 10:41:05 2018...
