#-----------------------------------------------------------
# Webtalk v2017.4 (64-bit)
# SW Build 2086221 on Fri Dec 15 20:55:39 MST 2017
# 
# Start of session at: Fri Aug  3 16:12:59 2018
# Process ID: 15316
# Current directory: C:/Users/ARIA5WK/Documents/ARTY_Proy/Clean_latest/FromWebSystem/FromWebSystem.sdk/webtalk
# Command line: wbtcv.exe -mode batch -source sdk_webtalk.tcl
# Log file: C:/Users/ARIA5WK/Documents/ARTY_Proy/Clean_latest/FromWebSystem/FromWebSystem.sdk/webtalk/webtalk.log
# Journal file: C:/Users/ARIA5WK/Documents/ARTY_Proy/Clean_latest/FromWebSystem/FromWebSystem.sdk/webtalk\webtalk.jou
#-----------------------------------------------------------
source sdk_webtalk.tcl
# webtalk_init -webtalk_dir C:\\Users\\ARIA5WK\\Documents\\ARTY_Proy\\Clean_latest\\FromWebSystem\\FromWebSystem.sdk\\webtalk
# webtalk_register_client -client project
# webtalk_add_data -client project -key date_generated -value "2018-08-03 16:12:46" -context "software_version_and_target_device"
# webtalk_add_data -client project -key product_version -value "SDK v2017.4" -context "software_version_and_target_device"
# webtalk_add_data -client project -key build_version -value "2017.4" -context "software_version_and_target_device"
# webtalk_add_data -client project -key os_platform -value "amd64" -context "software_version_and_target_device"
# webtalk_add_data -client project -key registration_id -value "211451298_0_0_562" -context "software_version_and_target_device"
# webtalk_add_data -client project -key tool_flow -value "SDK" -context "software_version_and_target_device"
# webtalk_add_data -client project -key beta -value "false" -context "software_version_and_target_device"
# webtalk_add_data -client project -key route_design -value "NA" -context "software_version_and_target_device"
# webtalk_add_data -client project -key target_family -value "NA" -context "software_version_and_target_device"
# webtalk_add_data -client project -key target_device -value "NA" -context "software_version_and_target_device"
# webtalk_add_data -client project -key target_package -value "NA" -context "software_version_and_target_device"
# webtalk_add_data -client project -key target_speed -value "NA" -context "software_version_and_target_device"
# webtalk_add_data -client project -key random_id -value "ul0p7jgkq9rg7iqvr8c40fe5fq" -context "software_version_and_target_device"
# webtalk_add_data -client project -key project_id -value "2017.4_19" -context "software_version_and_target_device"
# webtalk_add_data -client project -key project_iteration -value "19" -context "software_version_and_target_device"
# webtalk_add_data -client project -key os_name -value "Microsoft Windows 7 , 64-bit" -context "user_environment"
# webtalk_add_data -client project -key os_release -value "Service Pack 1  (build 7601)" -context "user_environment"
# webtalk_add_data -client project -key cpu_name -value "Intel(R) Core(TM)2 Duo CPU     E8400  @ 3.00GHz" -context "user_environment"
# webtalk_add_data -client project -key cpu_speed -value "2992 MHz" -context "user_environment"
# webtalk_add_data -client project -key total_processors -value "1" -context "user_environment"
# webtalk_add_data -client project -key system_ram -value "8.453 GB" -context "user_environment"
# webtalk_register_client -client sdk
# webtalk_add_data -client sdk -key uid -value "1533159317651" -context "sdk\\\\bsp/1533159317651"
# webtalk_add_data -client sdk -key hwid -value "1533055992129" -context "sdk\\\\bsp/1533159317651"
# webtalk_add_data -client sdk -key os -value "standalone" -context "sdk\\\\bsp/1533159317651"
# webtalk_add_data -client sdk -key apptemplate -value "hello_world" -context "sdk\\\\bsp/1533159317651"
# webtalk_add_data -client sdk -key RecordType -value "BSPCreation" -context "sdk\\\\bsp/1533159317651"
# webtalk_add_data -client sdk -key uid -value "1533159318818" -context "sdk\\\\application/1533159318818"
# webtalk_add_data -client sdk -key hwid -value "1533055992129" -context "sdk\\\\application/1533159318818"
# webtalk_add_data -client sdk -key bspid -value "1533159317651" -context "sdk\\\\application/1533159318818"
# webtalk_add_data -client sdk -key newbsp -value "true" -context "sdk\\\\application/1533159318818"
# webtalk_add_data -client sdk -key os -value "standalone" -context "sdk\\\\application/1533159318818"
# webtalk_add_data -client sdk -key apptemplate -value "hello_world" -context "sdk\\\\application/1533159318818"
# webtalk_add_data -client sdk -key RecordType -value "APPCreation" -context "sdk\\\\application/1533159318818"
# webtalk_add_data -client sdk -key LangUsed -value "C" -context "sdk\\\\application/1533159318818"
# webtalk_add_data -client sdk -key Procused -value "microblaze" -context "sdk\\\\application/1533159318818"
# webtalk_add_data -client sdk -key uid -value "1533159357815" -context "sdk\\\\bsp/1533159357815"
# webtalk_add_data -client sdk -key hwid -value "1533055992129" -context "sdk\\\\bsp/1533159357815"
# webtalk_add_data -client sdk -key os -value "standalone" -context "sdk\\\\bsp/1533159357815"
# webtalk_add_data -client sdk -key apptemplate -value "peripheral_tests" -context "sdk\\\\bsp/1533159357815"
# webtalk_add_data -client sdk -key RecordType -value "BSPCreation" -context "sdk\\\\bsp/1533159357815"
# webtalk_add_data -client sdk -key uid -value "1533159358882" -context "sdk\\\\application/1533159358882"
# webtalk_add_data -client sdk -key hwid -value "1533055992129" -context "sdk\\\\application/1533159358882"
# webtalk_add_data -client sdk -key bspid -value "1533159357815" -context "sdk\\\\application/1533159358882"
# webtalk_add_data -client sdk -key newbsp -value "true" -context "sdk\\\\application/1533159358882"
# webtalk_add_data -client sdk -key os -value "standalone" -context "sdk\\\\application/1533159358882"
# webtalk_add_data -client sdk -key apptemplate -value "peripheral_tests" -context "sdk\\\\application/1533159358882"
# webtalk_add_data -client sdk -key RecordType -value "APPCreation" -context "sdk\\\\application/1533159358882"
# webtalk_add_data -client sdk -key LangUsed -value "C" -context "sdk\\\\application/1533159358882"
# webtalk_add_data -client sdk -key Procused -value "microblaze" -context "sdk\\\\application/1533159358882"
# webtalk_add_data -client sdk -key uid -value "1533159902812" -context "sdk\\\\bsp/1533159902812"
# webtalk_add_data -client sdk -key hwid -value "1533055992129" -context "sdk\\\\bsp/1533159902812"
# webtalk_add_data -client sdk -key os -value "standalone" -context "sdk\\\\bsp/1533159902812"
# webtalk_add_data -client sdk -key apptemplate -value "hello_world" -context "sdk\\\\bsp/1533159902812"
# webtalk_add_data -client sdk -key RecordType -value "BSPCreation" -context "sdk\\\\bsp/1533159902812"
# webtalk_add_data -client sdk -key uid -value "1533159904064" -context "sdk\\\\application/1533159904064"
# webtalk_add_data -client sdk -key hwid -value "1533055992129" -context "sdk\\\\application/1533159904064"
# webtalk_add_data -client sdk -key bspid -value "1533159902812" -context "sdk\\\\application/1533159904064"
# webtalk_add_data -client sdk -key newbsp -value "true" -context "sdk\\\\application/1533159904064"
# webtalk_add_data -client sdk -key os -value "standalone" -context "sdk\\\\application/1533159904064"
# webtalk_add_data -client sdk -key apptemplate -value "hello_world" -context "sdk\\\\application/1533159904064"
# webtalk_add_data -client sdk -key RecordType -value "APPCreation" -context "sdk\\\\application/1533159904064"
# webtalk_add_data -client sdk -key LangUsed -value "C" -context "sdk\\\\application/1533159904064"
# webtalk_add_data -client sdk -key Procused -value "microblaze" -context "sdk\\\\application/1533159904064"
# webtalk_add_data -client sdk -key projSize -value "83.2578125" -context "sdk\\\\application/1533159904064"
# webtalk_add_data -client sdk -key uid -value "NA" -context "sdk\\\\bsp/1533327155111"
# webtalk_add_data -client sdk -key RecordType -value "ToolUsage" -context "sdk\\\\bsp/1533327155111"
# webtalk_add_data -client sdk -key BootgenCount -value "0" -context "sdk\\\\bsp/1533327155111"
# webtalk_add_data -client sdk -key DebugCount -value "23" -context "sdk\\\\bsp/1533327155111"
# webtalk_add_data -client sdk -key PerfCount -value "0" -context "sdk\\\\bsp/1533327155111"
# webtalk_add_data -client sdk -key FlashCount -value "0" -context "sdk\\\\bsp/1533327155111"
# webtalk_add_data -client sdk -key CrossTriggCount -value "0" -context "sdk\\\\bsp/1533327155111"
# webtalk_add_data -client sdk -key QemuDebugCount -value "0" -context "sdk\\\\bsp/1533327155111"
# webtalk_transmit -clientid 2570438221 -regid "211451298_0_0_562" -xml C:\\Users\\ARIA5WK\\Documents\\ARTY_Proy\\Clean_latest\\FromWebSystem\\FromWebSystem.sdk\\webtalk\\usage_statistics_ext_sdk.xml -html C:\\Users\\ARIA5WK\\Documents\\ARTY_Proy\\Clean_latest\\FromWebSystem\\FromWebSystem.sdk\\webtalk\\usage_statistics_ext_sdk.html -wdm C:\\Users\\ARIA5WK\\Documents\\ARTY_Proy\\Clean_latest\\FromWebSystem\\FromWebSystem.sdk\\webtalk\\sdk_webtalk.wdm -intro "<H3>SDK Usage Report</H3><BR>"
# webtalk_terminate
INFO: [Common 17-206] Exiting Webtalk at Fri Aug  3 16:16:51 2018...
