#-----------------------------------------------------------
# Vivado v2017.4 (64-bit)
# SW Build 2086221 on Fri Dec 15 20:55:39 MST 2017
# IP Build 2085800 on Fri Dec 15 22:25:07 MST 2017
# Start of session at: Thu Aug 16 15:05:21 2018
# Process ID: 14456
# Current directory: C:/Users/E.Marte/Documents/GitHub/Marte_Fpga/ArtyS7MarteReview/ReadingButtons
# Command line: vivado.exe -gui_launcher_event rodinguilauncherevent14996 C:\Users\E.Marte\Documents\GitHub\Marte_Fpga\ArtyS7MarteReview\ReadingButtons\Review_01.xpr
# Log file: C:/Users/E.Marte/Documents/GitHub/Marte_Fpga/ArtyS7MarteReview/ReadingButtons/vivado.log
# Journal file: C:/Users/E.Marte/Documents/GitHub/Marte_Fpga/ArtyS7MarteReview/ReadingButtons\vivado.jou
#-----------------------------------------------------------
start_gui
open_project C:/Users/E.Marte/Documents/GitHub/Marte_Fpga/ArtyS7MarteReview/ReadingButtons/Review_01.xpr
INFO: [Project 1-313] Project file moved from 'C:/Users/E.Marte/Documents/Vivado_Proyects/Review_01' since last save.
WARNING: [Project 1-312] File not found as 'C:/Users/E.Marte/Documents/GitHub/Marte_Fpga/ArtyS7MarteReview/Arty-S7-50-Rev-E-Master.xdc'; using path 'C:/Users/E.Marte/Documents/Vivado_Proyects/Arty-S7-50-Rev-E-Master.xdc' instead.
Scanning sources...
Finished scanning sources
WARNING: [Project 1-312] File not found as 'C:/Users/E.Marte/Documents/GitHub/Marte_Fpga/ArtyS7MarteReview/Arty-S7-50-Rev-E-Master.xdc'; using path 'C:/Users/E.Marte/Documents/Vivado_Proyects/Arty-S7-50-Rev-E-Master.xdc' instead.
WARNING: [Project 1-312] File not found as 'C:/Users/E.Marte/Documents/GitHub/Marte_Fpga/ArtyS7MarteReview/Arty-S7-50-Rev-E-Master.xdc'; using path 'C:/Users/E.Marte/Documents/Vivado_Proyects/Arty-S7-50-Rev-E-Master.xdc' instead.
INFO: [IP_Flow 19-234] Refreshing IP repositories
INFO: [IP_Flow 19-1704] No user IP repositories specified
INFO: [IP_Flow 19-2313] Loaded Vivado IP repository 'C:/Xilinx/Vivado/2017.4/data/ip'.
open_project: Time (s): cpu = 00:01:58 ; elapsed = 00:01:34 . Memory (MB): peak = 898.762 ; gain = 205.344
update_compile_order -fileset sources_1
launch_sdk -workspace C:/Users/E.Marte/Documents/GitHub/Marte_Fpga/ArtyS7MarteReview/ReadingButtons/Review_01.sdk -hwspec C:/Users/E.Marte/Documents/GitHub/Marte_Fpga/ArtyS7MarteReview/ReadingButtons/Review_01.sdk/design_1_wrapper.hdf
INFO: [Vivado 12-393] Launching SDK...
INFO: [Vivado 12-417] Running xsdk -workspace C:/Users/E.Marte/Documents/GitHub/Marte_Fpga/ArtyS7MarteReview/ReadingButtons/Review_01.sdk -hwspec C:/Users/E.Marte/Documents/GitHub/Marte_Fpga/ArtyS7MarteReview/ReadingButtons/Review_01.sdk/design_1_wrapper.hdf
INFO: [Vivado 12-3157] SDK launch initiated. Please check console for any further messages.
exit
INFO: [Common 17-206] Exiting Vivado at Thu Aug 16 15:10:03 2018...
